<?xml version="1.0" encoding="UTF-8"?>
<testng-results ignored="0" total="6" passed="6" failed="0" skipped="0">
  <reporter-output>
    <line>
      <![CDATA[execution started at suite tag level]]>
    </line>
    <line>
      <![CDATA[execution started at test tag level]]>
    </line>
    <line>
      <![CDATA[execution completed at test tag level]]>
    </line>
    <line>
      <![CDATA[execution started at test tag level]]>
    </line>
    <line>
      <![CDATA[execution completed at test tag level]]>
    </line>
    <line>
      <![CDATA[execution started at test tag level]]>
    </line>
    <line>
      <![CDATA[execution completed at test tag level]]>
    </line>
    <line>
      <![CDATA[execution completed at suite tag level]]>
    </line>
  </reporter-output>
  <suite started-at="2023-12-19T12:32:55 IST" name="Suite" finished-at="2023-12-19T12:34:12 IST" duration-ms="77162">
    <groups>
    </groups>
    <test started-at="2023-12-19T12:32:55 IST" name="ChromeTest" finished-at="2023-12-19T12:33:22 IST" duration-ms="27579">
      <class name="com.testcases.ActiTIME.TC1_ActitimeLoginLogout">
        <test-method is-config="true" signature="testExecutionStart()[pri:0, instance:com.testcases.ActiTIME.TC1_ActitimeLoginLogout@201a4587]" started-at="2023-12-19T12:32:55 IST" name="testExecutionStart" finished-at="2023-12-19T12:32:55 IST" duration-ms="1" status="PASS">
          <reporter-output>
            <line>
              <![CDATA[execution started at test tag level]]>
            </line>
          </reporter-output>
        </test-method> <!-- testExecutionStart -->
        <test-method is-config="true" signature="setup(java.lang.String)[pri:0, instance:com.testcases.ActiTIME.TC1_ActitimeLoginLogout@201a4587]" started-at="2023-12-19T12:32:55 IST" name="setup" finished-at="2023-12-19T12:33:02 IST" duration-ms="7226" status="PASS">
          <params>
            <param index="0">
              <value>
                <![CDATA[chrome]]>
              </value>
            </param>
          </params>
          <reporter-output>
          </reporter-output>
        </test-method> <!-- setup -->
        <test-method signature="login()[pri:0, instance:com.testcases.ActiTIME.TC1_ActitimeLoginLogout@201a4587]" started-at="2023-12-19T12:33:02 IST" name="login" finished-at="2023-12-19T12:33:13 IST" duration-ms="10546" status="PASS">
          <reporter-output>
          </reporter-output>
        </test-method> <!-- login -->
        <test-method signature="logout()[pri:0, instance:com.testcases.ActiTIME.TC1_ActitimeLoginLogout@201a4587]" started-at="2023-12-19T12:33:13 IST" name="logout" finished-at="2023-12-19T12:33:22 IST" depends-on-methods="com.testcases.ActiTIME.TC1_ActitimeLoginLogout.login" duration-ms="9306" status="PASS">
          <reporter-output>
          </reporter-output>
        </test-method> <!-- logout -->
        <test-method is-config="true" signature="teardown()[pri:0, instance:com.testcases.ActiTIME.TC1_ActitimeLoginLogout@201a4587]" started-at="2023-12-19T12:33:22 IST" name="teardown" finished-at="2023-12-19T12:33:22 IST" duration-ms="455" status="PASS">
          <reporter-output>
          </reporter-output>
        </test-method> <!-- teardown -->
        <test-method is-config="true" signature="testExecutionComplete()[pri:0, instance:com.testcases.ActiTIME.TC1_ActitimeLoginLogout@201a4587]" started-at="2023-12-19T12:33:22 IST" name="testExecutionComplete" finished-at="2023-12-19T12:33:22 IST" duration-ms="0" status="PASS">
          <reporter-output>
            <line>
              <![CDATA[execution completed at test tag level]]>
            </line>
          </reporter-output>
        </test-method> <!-- testExecutionComplete -->
      </class> <!-- com.testcases.ActiTIME.TC1_ActitimeLoginLogout -->
    </test> <!-- ChromeTest -->
    <test started-at="2023-12-19T12:33:22 IST" name="EdgeTest" finished-at="2023-12-19T12:33:47 IST" duration-ms="24185">
      <class name="com.testcases.ActiTIME.TC1_ActitimeLoginLogout">
        <test-method is-config="true" signature="testExecutionStart()[pri:0, instance:com.testcases.ActiTIME.TC1_ActitimeLoginLogout@1e6a3214]" started-at="2023-12-19T12:33:22 IST" name="testExecutionStart" finished-at="2023-12-19T12:33:22 IST" duration-ms="1" status="PASS">
          <reporter-output>
            <line>
              <![CDATA[execution started at test tag level]]>
            </line>
          </reporter-output>
        </test-method> <!-- testExecutionStart -->
        <test-method is-config="true" signature="setup(java.lang.String)[pri:0, instance:com.testcases.ActiTIME.TC1_ActitimeLoginLogout@1e6a3214]" started-at="2023-12-19T12:33:22 IST" name="setup" finished-at="2023-12-19T12:33:29 IST" duration-ms="6655" status="PASS">
          <params>
            <param index="0">
              <value>
                <![CDATA[edge]]>
              </value>
            </param>
          </params>
          <reporter-output>
          </reporter-output>
        </test-method> <!-- setup -->
        <test-method signature="login()[pri:0, instance:com.testcases.ActiTIME.TC1_ActitimeLoginLogout@1e6a3214]" started-at="2023-12-19T12:33:29 IST" name="login" finished-at="2023-12-19T12:33:38 IST" duration-ms="8974" status="PASS">
          <reporter-output>
          </reporter-output>
        </test-method> <!-- login -->
        <test-method signature="logout()[pri:0, instance:com.testcases.ActiTIME.TC1_ActitimeLoginLogout@1e6a3214]" started-at="2023-12-19T12:33:38 IST" name="logout" finished-at="2023-12-19T12:33:46 IST" depends-on-methods="com.testcases.ActiTIME.TC1_ActitimeLoginLogout.login" duration-ms="8042" status="PASS">
          <reporter-output>
          </reporter-output>
        </test-method> <!-- logout -->
        <test-method is-config="true" signature="teardown()[pri:0, instance:com.testcases.ActiTIME.TC1_ActitimeLoginLogout@1e6a3214]" started-at="2023-12-19T12:33:46 IST" name="teardown" finished-at="2023-12-19T12:33:47 IST" duration-ms="506" status="PASS">
          <reporter-output>
          </reporter-output>
        </test-method> <!-- teardown -->
        <test-method is-config="true" signature="testExecutionComplete()[pri:0, instance:com.testcases.ActiTIME.TC1_ActitimeLoginLogout@1e6a3214]" started-at="2023-12-19T12:33:47 IST" name="testExecutionComplete" finished-at="2023-12-19T12:33:47 IST" duration-ms="0" status="PASS">
          <reporter-output>
            <line>
              <![CDATA[execution completed at test tag level]]>
            </line>
          </reporter-output>
        </test-method> <!-- testExecutionComplete -->
      </class> <!-- com.testcases.ActiTIME.TC1_ActitimeLoginLogout -->
    </test> <!-- EdgeTest -->
    <test started-at="2023-12-19T12:33:47 IST" name="FirefoxTest" finished-at="2023-12-19T12:34:12 IST" duration-ms="25323">
      <class name="com.testcases.ActiTIME.TC1_ActitimeLoginLogout">
        <test-method is-config="true" signature="suiteExecutionStart()[pri:0, instance:com.testcases.ActiTIME.TC1_ActitimeLoginLogout@1a942c18]" started-at="2023-12-19T12:32:55 IST" name="suiteExecutionStart" finished-at="2023-12-19T12:32:55 IST" duration-ms="17" status="PASS">
          <reporter-output>
            <line>
              <![CDATA[execution started at suite tag level]]>
            </line>
          </reporter-output>
        </test-method> <!-- suiteExecutionStart -->
        <test-method is-config="true" signature="testExecutionStart()[pri:0, instance:com.testcases.ActiTIME.TC1_ActitimeLoginLogout@1a942c18]" started-at="2023-12-19T12:33:47 IST" name="testExecutionStart" finished-at="2023-12-19T12:33:47 IST" duration-ms="1" status="PASS">
          <reporter-output>
            <line>
              <![CDATA[execution started at test tag level]]>
            </line>
          </reporter-output>
        </test-method> <!-- testExecutionStart -->
        <test-method is-config="true" signature="setup(java.lang.String)[pri:0, instance:com.testcases.ActiTIME.TC1_ActitimeLoginLogout@1a942c18]" started-at="2023-12-19T12:33:47 IST" name="setup" finished-at="2023-12-19T12:33:55 IST" duration-ms="8242" status="PASS">
          <params>
            <param index="0">
              <value>
                <![CDATA[firefox]]>
              </value>
            </param>
          </params>
          <reporter-output>
          </reporter-output>
        </test-method> <!-- setup -->
        <test-method signature="login()[pri:0, instance:com.testcases.ActiTIME.TC1_ActitimeLoginLogout@1a942c18]" started-at="2023-12-19T12:33:55 IST" name="login" finished-at="2023-12-19T12:34:04 IST" duration-ms="8745" status="PASS">
          <reporter-output>
          </reporter-output>
        </test-method> <!-- login -->
        <test-method signature="logout()[pri:0, instance:com.testcases.ActiTIME.TC1_ActitimeLoginLogout@1a942c18]" started-at="2023-12-19T12:34:04 IST" name="logout" finished-at="2023-12-19T12:34:10 IST" depends-on-methods="com.testcases.ActiTIME.TC1_ActitimeLoginLogout.login" duration-ms="6646" status="PASS">
          <reporter-output>
          </reporter-output>
        </test-method> <!-- logout -->
        <test-method is-config="true" signature="teardown()[pri:0, instance:com.testcases.ActiTIME.TC1_ActitimeLoginLogout@1a942c18]" started-at="2023-12-19T12:34:10 IST" name="teardown" finished-at="2023-12-19T12:34:12 IST" duration-ms="1681" status="PASS">
          <reporter-output>
          </reporter-output>
        </test-method> <!-- teardown -->
        <test-method is-config="true" signature="testExecutionComplete()[pri:0, instance:com.testcases.ActiTIME.TC1_ActitimeLoginLogout@1a942c18]" started-at="2023-12-19T12:34:12 IST" name="testExecutionComplete" finished-at="2023-12-19T12:34:12 IST" duration-ms="0" status="PASS">
          <reporter-output>
            <line>
              <![CDATA[execution completed at test tag level]]>
            </line>
          </reporter-output>
        </test-method> <!-- testExecutionComplete -->
        <test-method is-config="true" signature="suiteExecutionComplete()[pri:0, instance:com.testcases.ActiTIME.TC1_ActitimeLoginLogout@1a942c18]" started-at="2023-12-19T12:34:12 IST" name="suiteExecutionComplete" finished-at="2023-12-19T12:34:12 IST" duration-ms="1" status="PASS">
          <reporter-output>
            <line>
              <![CDATA[execution completed at suite tag level]]>
            </line>
          </reporter-output>
        </test-method> <!-- suiteExecutionComplete -->
      </class> <!-- com.testcases.ActiTIME.TC1_ActitimeLoginLogout -->
    </test> <!-- FirefoxTest -->
  </suite> <!-- Suite -->
</testng-results>
