<?xml version="1.0" encoding="UTF-8"?>
<testng-results ignored="0" total="6" passed="6" failed="0" skipped="0">
  <reporter-output>
    <line>
      <![CDATA[execution started at suite tag level]]>
    </line>
    <line>
      <![CDATA[execution started at test tag level]]>
    </line>
    <line>
      <![CDATA[execution completed at test tag level]]>
    </line>
    <line>
      <![CDATA[execution started at test tag level]]>
    </line>
    <line>
      <![CDATA[execution completed at test tag level]]>
    </line>
    <line>
      <![CDATA[execution started at test tag level]]>
    </line>
    <line>
      <![CDATA[execution completed at test tag level]]>
    </line>
    <line>
      <![CDATA[execution completed at suite tag level]]>
    </line>
  </reporter-output>
  <suite started-at="2023-12-19T11:06:47 IST" name="Suite" finished-at="2023-12-19T11:08:13 IST" duration-ms="85641">
    <groups>
    </groups>
    <test started-at="2023-12-19T11:06:47 IST" name="ChromeTest" finished-at="2023-12-19T11:07:20 IST" duration-ms="33277">
      <class name="com.testcases.ActiTIME.TC1_ActitimeLoginLogout">
        <test-method is-config="true" signature="testExecutionStart()[pri:0, instance:com.testcases.ActiTIME.TC1_ActitimeLoginLogout@791f145a]" started-at="2023-12-19T11:06:47 IST" name="testExecutionStart" finished-at="2023-12-19T11:06:47 IST" duration-ms="1" status="PASS">
          <reporter-output>
            <line>
              <![CDATA[execution started at test tag level]]>
            </line>
          </reporter-output>
        </test-method> <!-- testExecutionStart -->
        <test-method is-config="true" signature="setup(java.lang.String)[pri:0, instance:com.testcases.ActiTIME.TC1_ActitimeLoginLogout@791f145a]" started-at="2023-12-19T11:06:47 IST" name="setup" finished-at="2023-12-19T11:06:59 IST" duration-ms="12344" status="PASS">
          <params>
            <param index="0">
              <value>
                <![CDATA[chrome]]>
              </value>
            </param>
          </params>
          <reporter-output>
          </reporter-output>
        </test-method> <!-- setup -->
        <test-method signature="login()[pri:0, instance:com.testcases.ActiTIME.TC1_ActitimeLoginLogout@791f145a]" started-at="2023-12-19T11:06:59 IST" name="login" finished-at="2023-12-19T11:07:10 IST" duration-ms="10549" status="PASS">
          <reporter-output>
          </reporter-output>
        </test-method> <!-- login -->
        <test-method signature="logout()[pri:0, instance:com.testcases.ActiTIME.TC1_ActitimeLoginLogout@791f145a]" started-at="2023-12-19T11:07:10 IST" name="logout" finished-at="2023-12-19T11:07:20 IST" depends-on-methods="com.testcases.ActiTIME.TC1_ActitimeLoginLogout.login" duration-ms="9871" status="PASS">
          <reporter-output>
          </reporter-output>
        </test-method> <!-- logout -->
        <test-method is-config="true" signature="teardown()[pri:0, instance:com.testcases.ActiTIME.TC1_ActitimeLoginLogout@791f145a]" started-at="2023-12-19T11:07:20 IST" name="teardown" finished-at="2023-12-19T11:07:20 IST" duration-ms="446" status="PASS">
          <reporter-output>
          </reporter-output>
        </test-method> <!-- teardown -->
        <test-method is-config="true" signature="testExecutionComplete()[pri:0, instance:com.testcases.ActiTIME.TC1_ActitimeLoginLogout@791f145a]" started-at="2023-12-19T11:07:20 IST" name="testExecutionComplete" finished-at="2023-12-19T11:07:20 IST" duration-ms="1" status="PASS">
          <reporter-output>
            <line>
              <![CDATA[execution completed at test tag level]]>
            </line>
          </reporter-output>
        </test-method> <!-- testExecutionComplete -->
      </class> <!-- com.testcases.ActiTIME.TC1_ActitimeLoginLogout -->
    </test> <!-- ChromeTest -->
    <test started-at="2023-12-19T11:07:20 IST" name="EdgeTest" finished-at="2023-12-19T11:07:47 IST" duration-ms="26290">
      <class name="com.testcases.ActiTIME.TC1_ActitimeLoginLogout">
        <test-method is-config="true" signature="testExecutionStart()[pri:0, instance:com.testcases.ActiTIME.TC1_ActitimeLoginLogout@3a7442c7]" started-at="2023-12-19T11:07:20 IST" name="testExecutionStart" finished-at="2023-12-19T11:07:20 IST" duration-ms="1" status="PASS">
          <reporter-output>
            <line>
              <![CDATA[execution started at test tag level]]>
            </line>
          </reporter-output>
        </test-method> <!-- testExecutionStart -->
        <test-method is-config="true" signature="setup(java.lang.String)[pri:0, instance:com.testcases.ActiTIME.TC1_ActitimeLoginLogout@3a7442c7]" started-at="2023-12-19T11:07:20 IST" name="setup" finished-at="2023-12-19T11:07:28 IST" duration-ms="7380" status="PASS">
          <params>
            <param index="0">
              <value>
                <![CDATA[edge]]>
              </value>
            </param>
          </params>
          <reporter-output>
          </reporter-output>
        </test-method> <!-- setup -->
        <test-method signature="login()[pri:0, instance:com.testcases.ActiTIME.TC1_ActitimeLoginLogout@3a7442c7]" started-at="2023-12-19T11:07:28 IST" name="login" finished-at="2023-12-19T11:07:37 IST" duration-ms="9342" status="PASS">
          <reporter-output>
          </reporter-output>
        </test-method> <!-- login -->
        <test-method signature="logout()[pri:0, instance:com.testcases.ActiTIME.TC1_ActitimeLoginLogout@3a7442c7]" started-at="2023-12-19T11:07:37 IST" name="logout" finished-at="2023-12-19T11:07:46 IST" depends-on-methods="com.testcases.ActiTIME.TC1_ActitimeLoginLogout.login" duration-ms="9028" status="PASS">
          <reporter-output>
          </reporter-output>
        </test-method> <!-- logout -->
        <test-method is-config="true" signature="teardown()[pri:0, instance:com.testcases.ActiTIME.TC1_ActitimeLoginLogout@3a7442c7]" started-at="2023-12-19T11:07:46 IST" name="teardown" finished-at="2023-12-19T11:07:47 IST" duration-ms="529" status="PASS">
          <reporter-output>
          </reporter-output>
        </test-method> <!-- teardown -->
        <test-method is-config="true" signature="testExecutionComplete()[pri:0, instance:com.testcases.ActiTIME.TC1_ActitimeLoginLogout@3a7442c7]" started-at="2023-12-19T11:07:47 IST" name="testExecutionComplete" finished-at="2023-12-19T11:07:47 IST" duration-ms="1" status="PASS">
          <reporter-output>
            <line>
              <![CDATA[execution completed at test tag level]]>
            </line>
          </reporter-output>
        </test-method> <!-- testExecutionComplete -->
      </class> <!-- com.testcases.ActiTIME.TC1_ActitimeLoginLogout -->
    </test> <!-- EdgeTest -->
    <test started-at="2023-12-19T11:07:47 IST" name="FirefoxTest" finished-at="2023-12-19T11:08:13 IST" duration-ms="25996">
      <class name="com.testcases.ActiTIME.TC1_ActitimeLoginLogout">
        <test-method is-config="true" signature="suiteExecutionStart()[pri:0, instance:com.testcases.ActiTIME.TC1_ActitimeLoginLogout@4b013c76]" started-at="2023-12-19T11:06:47 IST" name="suiteExecutionStart" finished-at="2023-12-19T11:06:47 IST" duration-ms="9" status="PASS">
          <reporter-output>
            <line>
              <![CDATA[execution started at suite tag level]]>
            </line>
          </reporter-output>
        </test-method> <!-- suiteExecutionStart -->
        <test-method is-config="true" signature="testExecutionStart()[pri:0, instance:com.testcases.ActiTIME.TC1_ActitimeLoginLogout@4b013c76]" started-at="2023-12-19T11:07:47 IST" name="testExecutionStart" finished-at="2023-12-19T11:07:47 IST" duration-ms="1" status="PASS">
          <reporter-output>
            <line>
              <![CDATA[execution started at test tag level]]>
            </line>
          </reporter-output>
        </test-method> <!-- testExecutionStart -->
        <test-method is-config="true" signature="setup(java.lang.String)[pri:0, instance:com.testcases.ActiTIME.TC1_ActitimeLoginLogout@4b013c76]" started-at="2023-12-19T11:07:47 IST" name="setup" finished-at="2023-12-19T11:07:56 IST" duration-ms="9485" status="PASS">
          <params>
            <param index="0">
              <value>
                <![CDATA[firefox]]>
              </value>
            </param>
          </params>
          <reporter-output>
          </reporter-output>
        </test-method> <!-- setup -->
        <test-method signature="login()[pri:0, instance:com.testcases.ActiTIME.TC1_ActitimeLoginLogout@4b013c76]" started-at="2023-12-19T11:07:56 IST" name="login" finished-at="2023-12-19T11:08:05 IST" duration-ms="8770" status="PASS">
          <reporter-output>
          </reporter-output>
        </test-method> <!-- login -->
        <test-method signature="logout()[pri:0, instance:com.testcases.ActiTIME.TC1_ActitimeLoginLogout@4b013c76]" started-at="2023-12-19T11:08:05 IST" name="logout" finished-at="2023-12-19T11:08:11 IST" depends-on-methods="com.testcases.ActiTIME.TC1_ActitimeLoginLogout.login" duration-ms="6325" status="PASS">
          <reporter-output>
          </reporter-output>
        </test-method> <!-- logout -->
        <test-method is-config="true" signature="teardown()[pri:0, instance:com.testcases.ActiTIME.TC1_ActitimeLoginLogout@4b013c76]" started-at="2023-12-19T11:08:11 IST" name="teardown" finished-at="2023-12-19T11:08:13 IST" duration-ms="1405" status="PASS">
          <reporter-output>
          </reporter-output>
        </test-method> <!-- teardown -->
        <test-method is-config="true" signature="testExecutionComplete()[pri:0, instance:com.testcases.ActiTIME.TC1_ActitimeLoginLogout@4b013c76]" started-at="2023-12-19T11:08:13 IST" name="testExecutionComplete" finished-at="2023-12-19T11:08:13 IST" duration-ms="0" status="PASS">
          <reporter-output>
            <line>
              <![CDATA[execution completed at test tag level]]>
            </line>
          </reporter-output>
        </test-method> <!-- testExecutionComplete -->
        <test-method is-config="true" signature="suiteExecutionComplete()[pri:0, instance:com.testcases.ActiTIME.TC1_ActitimeLoginLogout@4b013c76]" started-at="2023-12-19T11:08:13 IST" name="suiteExecutionComplete" finished-at="2023-12-19T11:08:13 IST" duration-ms="1" status="PASS">
          <reporter-output>
            <line>
              <![CDATA[execution completed at suite tag level]]>
            </line>
          </reporter-output>
        </test-method> <!-- suiteExecutionComplete -->
      </class> <!-- com.testcases.ActiTIME.TC1_ActitimeLoginLogout -->
    </test> <!-- FirefoxTest -->
  </suite> <!-- Suite -->
</testng-results>
